{"C:\\Users\\A.Attia\\WebstormProjects\\jisr-file-explorer\\src\\components\\file-explorer\\hooks\\useFileExplorer.ts": {"path":"C:\\Users\\A.Attia\\WebstormProjects\\jisr-file-explorer\\src\\components\\file-explorer\\hooks\\useFileExplorer.ts","statementMap":{"0":{"start":{"line":1,"column":0},"end":{"line":1,"column":42}},"1":{"start":{"line":5,"column":31},"end":{"line":79,"column":1}},"2":{"start":{"line":6,"column":44},"end":{"line":6,"column":73}},"3":{"start":{"line":7,"column":50},"end":{"line":7,"column":82}},"4":{"start":{"line":8,"column":42},"end":{"line":8,"column":111}},"5":{"start":{"line":11,"column":4},"end":{"line":20,"column":22}},"6":{"start":{"line":12,"column":35},"end":{"line":14,"column":9}},"7":{"start":{"line":13,"column":12},"end":{"line":13,"column":33}},"8":{"start":{"line":16,"column":8},"end":{"line":19,"column":9}},"9":{"start":{"line":17,"column":12},"end":{"line":17,"column":67}},"10":{"start":{"line":18,"column":12},"end":{"line":18,"column":83}},"11":{"start":{"line":18,"column":25},"end":{"line":18,"column":82}},"12":{"start":{"line":22,"column":29},"end":{"line":24,"column":5}},"13":{"start":{"line":23,"column":8},"end":{"line":23,"column":34}},"14":{"start":{"line":26,"column":25},"end":{"line":36,"column":5}},"15":{"start":{"line":27,"column":8},"end":{"line":35,"column":11}},"16":{"start":{"line":28,"column":27},"end":{"line":28,"column":40}},"17":{"start":{"line":29,"column":12},"end":{"line":33,"column":13}},"18":{"start":{"line":30,"column":16},"end":{"line":30,"column":42}},"19":{"start":{"line":32,"column":16},"end":{"line":32,"column":39}},"20":{"start":{"line":34,"column":12},"end":{"line":34,"column":26}},"21":{"start":{"line":38,"column":30},"end":{"line":40,"column":5}},"22":{"start":{"line":39,"column":8},"end":{"line":39,"column":39}},"23":{"start":{"line":42,"column":29},"end":{"line":44,"column":5}},"24":{"start":{"line":43,"column":8},"end":{"line":43,"column":29}},"25":{"start":{"line":46,"column":23},"end":{"line":51,"column":5}},"26":{"start":{"line":47,"column":8},"end":{"line":50,"column":9}},"27":{"start":{"line":48,"column":12},"end":{"line":48,"column":61}},"28":{"start":{"line":49,"column":12},"end":{"line":49,"column":31}},"29":{"start":{"line":53,"column":25},"end":{"line":58,"column":5}},"30":{"start":{"line":54,"column":8},"end":{"line":57,"column":9}},"31":{"start":{"line":55,"column":12},"end":{"line":55,"column":63}},"32":{"start":{"line":56,"column":12},"end":{"line":56,"column":31}},"33":{"start":{"line":60,"column":25},"end":{"line":65,"column":5}},"34":{"start":{"line":61,"column":8},"end":{"line":64,"column":9}},"35":{"start":{"line":62,"column":12},"end":{"line":62,"column":63}},"36":{"start":{"line":63,"column":12},"end":{"line":63,"column":31}},"37":{"start":{"line":67,"column":4},"end":{"line":78,"column":6}},"38":{"start":{"line":5,"column":13},"end":{"line":5,"column":31}}},"fnMap":{"0":{"name":"(anonymous_0)","decl":{"start":{"line":5,"column":31},"end":{"line":5,"column":33}},"loc":{"start":{"line":5,"column":35},"end":{"line":79,"column":1}}},"1":{"name":"(anonymous_1)","decl":{"start":{"line":11,"column":14},"end":{"line":11,"column":17}},"loc":{"start":{"line":11,"column":19},"end":{"line":20,"column":5}}},"2":{"name":"(anonymous_2)","decl":{"start":{"line":12,"column":35},"end":{"line":12,"column":38}},"loc":{"start":{"line":12,"column":40},"end":{"line":14,"column":9}}},"3":{"name":"(anonymous_3)","decl":{"start":{"line":18,"column":19},"end":{"line":18,"column":22}},"loc":{"start":{"line":18,"column":25},"end":{"line":18,"column":82}}},"4":{"name":"(anonymous_4)","decl":{"start":{"line":22,"column":29},"end":{"line":22,"column":30}},"loc":{"start":{"line":22,"column":50},"end":{"line":24,"column":5}}},"5":{"name":"(anonymous_5)","decl":{"start":{"line":26,"column":25},"end":{"line":26,"column":26}},"loc":{"start":{"line":26,"column":48},"end":{"line":36,"column":5}}},"6":{"name":"(anonymous_6)","decl":{"start":{"line":27,"column":27},"end":{"line":27,"column":31}},"loc":{"start":{"line":27,"column":34},"end":{"line":35,"column":9}}},"7":{"name":"(anonymous_7)","decl":{"start":{"line":38,"column":30},"end":{"line":38,"column":31}},"loc":{"start":{"line":38,"column":77},"end":{"line":40,"column":5}}},"8":{"name":"(anonymous_8)","decl":{"start":{"line":42,"column":29},"end":{"line":42,"column":32}},"loc":{"start":{"line":42,"column":34},"end":{"line":44,"column":5}}},"9":{"name":"(anonymous_9)","decl":{"start":{"line":46,"column":23},"end":{"line":46,"column":26}},"loc":{"start":{"line":46,"column":28},"end":{"line":51,"column":5}}},"10":{"name":"(anonymous_10)","decl":{"start":{"line":53,"column":25},"end":{"line":53,"column":28}},"loc":{"start":{"line":53,"column":30},"end":{"line":58,"column":5}}},"11":{"name":"(anonymous_11)","decl":{"start":{"line":60,"column":25},"end":{"line":60,"column":28}},"loc":{"start":{"line":60,"column":30},"end":{"line":65,"column":5}}}},"branchMap":{"0":{"loc":{"start":{"line":16,"column":8},"end":{"line":19,"column":9}},"type":"if","locations":[{"start":{"line":16,"column":8},"end":{"line":19,"column":9}}]},"1":{"loc":{"start":{"line":29,"column":12},"end":{"line":33,"column":13}},"type":"if","locations":[{"start":{"line":29,"column":12},"end":{"line":33,"column":13}},{"start":{"line":31,"column":19},"end":{"line":33,"column":13}}]},"2":{"loc":{"start":{"line":47,"column":8},"end":{"line":50,"column":9}},"type":"if","locations":[{"start":{"line":47,"column":8},"end":{"line":50,"column":9}}]},"3":{"loc":{"start":{"line":54,"column":8},"end":{"line":57,"column":9}},"type":"if","locations":[{"start":{"line":54,"column":8},"end":{"line":57,"column":9}}]},"4":{"loc":{"start":{"line":61,"column":8},"end":{"line":64,"column":9}},"type":"if","locations":[{"start":{"line":61,"column":8},"end":{"line":64,"column":9}}]}},"s":{"0":1,"1":1,"2":20,"3":20,"4":20,"5":20,"6":16,"7":1,"8":16,"9":4,"10":4,"11":4,"12":20,"13":3,"14":20,"15":3,"16":3,"17":3,"18":1,"19":2,"20":3,"21":20,"22":4,"23":20,"24":3,"25":20,"26":1,"27":1,"28":1,"29":20,"30":1,"31":1,"32":1,"33":20,"34":1,"35":1,"36":1,"37":20,"38":1},"f":{"0":20,"1":16,"2":1,"3":4,"4":3,"5":3,"6":3,"7":4,"8":3,"9":1,"10":1,"11":1},"b":{"0":[4],"1":[1,2],"2":[1],"3":[1],"4":[1]}}
}
