TN:
SF:src\components\file-explorer\hooks\useFileExplorer.ts
FN:5,(anonymous_0)
FN:11,(anonymous_1)
FN:12,(anonymous_2)
FN:18,(anonymous_3)
FN:22,(anonymous_4)
FN:26,(anonymous_5)
FN:27,(anonymous_6)
FN:38,(anonymous_7)
FN:42,(anonymous_8)
FN:46,(anonymous_9)
FN:53,(anonymous_10)
FN:60,(anonymous_11)
FNF:12
FNH:12
FNDA:20,(anonymous_0)
FNDA:16,(anonymous_1)
FNDA:1,(anonymous_2)
FNDA:4,(anonymous_3)
FNDA:3,(anonymous_4)
FNDA:3,(anonymous_5)
FNDA:3,(anonymous_6)
FNDA:4,(anonymous_7)
FNDA:3,(anonymous_8)
FNDA:1,(anonymous_9)
FNDA:1,(anonymous_10)
FNDA:1,(anonymous_11)
DA:1,1
DA:5,1
DA:6,20
DA:7,20
DA:8,20
DA:11,20
DA:12,16
DA:13,1
DA:16,16
DA:17,4
DA:18,4
DA:22,20
DA:23,3
DA:26,20
DA:27,3
DA:28,3
DA:29,3
DA:30,1
DA:32,2
DA:34,3
DA:38,20
DA:39,4
DA:42,20
DA:43,3
DA:46,20
DA:47,1
DA:48,1
DA:49,1
DA:53,20
DA:54,1
DA:55,1
DA:56,1
DA:60,20
DA:61,1
DA:62,1
DA:63,1
DA:67,20
LF:37
LH:37
BRDA:16,0,0,4
BRDA:29,1,0,1
BRDA:29,1,1,2
BRDA:47,2,0,1
BRDA:54,3,0,1
BRDA:61,4,0,1
BRF:6
BRH:6
end_of_record
